<fileset dir="../test-reports" casesensitive="yes">
  <filename name="**/*Test*" negate="true"/>
</fileset>